#
# A fatal error has been detected by the Java Runtime Environment:
#
#  EXCEPTION_UNCAUGHT_CXX_EXCEPTION (0xe06d7363) at pc=0x00007ffe37684b89, pid=7452, tid=5452
#
# JRE version: Java(TM) SE Runtime Environment (16.0.1+9) (build 16.0.1+9-24)
# Java VM: Java HotSpot(TM) 64-Bit Server VM (16.0.1+9-24, mixed mode, sharing, tiered, compressed oops, compressed class ptrs, g1 gc, windows-amd64)
# Problematic frame:
# C  [KERNELBASE.dll+0x34b89]
#
# No core dump will be written. Minidumps are not enabled by default on client versions of Windows
#
# If you would like to submit a bug report, please visit:
#   https://bugreport.java.com/bugreport/crash.jsp
# The crash happened outside the Java Virtual Machine in native code.
# See problematic frame for where to report the bug.
#

---------------  S U M M A R Y ------------

Command Line: -javaagent:D:\IntelliJ_IDEA\IntelliJ IDEA Community Edition 2021.1\lib\idea_rt.jar=63719:D:\IntelliJ_IDEA\IntelliJ IDEA Community Edition 2021.1\bin -Dfile.encoding=UTF-8 com.company.Main

Host: Intel(R) Core(TM) i5-8400 CPU @ 2.80GHz, 6 cores, 7G,  Windows 10 , 64 bit Build 19041 (10.0.19041.1023)
Time: Sun Jun 13 18:41:55 2021 RTZ 2 (s 10 , 64 bit Build 19041 (10.0.19041.1023) elapsed time: 43.286086 seconds (0d 0h 0m 43s)

---------------  T H R E A D  ---------------

Current thread (0x000002b5ee1b9b80):  JavaThread "main-FPSAWTAnimator#00-Timer0" [_thread_in_native, id=5452, stack(0x000000f992d40000,0x000000f992e40000)]

Stack: [0x000000f992d40000,0x000000f992e40000],  sp=0x000000f992e3e280,  free space=1016k
Native frames: (J=compiled Java code, j=interpreted, Vv=VM code, C=native code)
C  [KERNELBASE.dll+0x34b89]
C  [DiscordHook64.dll+0xf8d45]

Java frames: (J=compiled Java code, j=interpreted, Vv=VM code)
J 1178  jogamp.nativewindow.windows.GDI.SwapBuffers(J)Z (0 bytes) @ 0x000002b5de1b1171 [0x000002b5de1b1120+0x0000000000000051]
J 1176 c1 jogamp.opengl.windows.wgl.WindowsWGLDrawable.swapBuffersImpl(Z)V (153 bytes) @ 0x000002b5d6e3aa8c [0x000002b5d6e3a800+0x000000000000028c]
J 1158 c1 jogamp.opengl.GLDrawableImpl.swapBuffers()V (138 bytes) @ 0x000002b5d6e3088c [0x000002b5d6e301e0+0x00000000000006ac]
J 1174 c1 jogamp.opengl.GLDrawableHelper.invokeGLImpl(Lcom/jogamp/opengl/GLDrawable;Lcom/jogamp/opengl/GLContext;Ljava/lang/Runnable;Ljava/lang/Runnable;)V (579 bytes) @ 0x000002b5d6e383a4 [0x000002b5d6e37740+0x0000000000000c64]
J 1173 c1 jogamp.opengl.GLDrawableHelper.invokeGL(Lcom/jogamp/opengl/GLDrawable;Lcom/jogamp/opengl/GLContext;Ljava/lang/Runnable;Ljava/lang/Runnable;)V (76 bytes) @ 0x000002b5d6e370fc [0x000002b5d6e37040+0x00000000000000bc]
J 1155 c1 com.jogamp.newt.opengl.GLWindow.display()V (144 bytes) @ 0x000002b5d6e2d824 [0x000002b5d6e2d200+0x0000000000000624]
J 1183 c1 com.jogamp.opengl.util.AWTAnimatorImpl.display(Ljava/util/ArrayList;ZZ)V (170 bytes) @ 0x000002b5d6e3d044 [0x000002b5d6e3c8a0+0x00000000000007a4]
J 1181 c1 com.jogamp.opengl.util.FPSAnimator$MainTask.run()V (805 bytes) @ 0x000002b5d6e4050c [0x000002b5d6e3fce0+0x000000000000082c]
j  java.util.TimerThread.mainLoop()V+221 java.base@16.0.1
j  java.util.TimerThread.run()V+1 java.base@16.0.1
v  ~StubRoutines::call_stub

siginfo: EXCEPTION_UNCAUGHT_CXX_EXCEPTION (0xe06d7363), ExceptionInformation=0x0000000019930520 0x000000f992e3e3f0 0x00007ffe070200a0 0x00007ffe06e70000 


Register to memory mapping:

RIP=0x00007ffe37684b89 KERNELBASE.dll
RAX=0x000002b895421d20 points into unknown readable memory: 0x000002b85af42be0 | e0 2b f4 5a b8 02 00 00
RBX=0x00007ffe070200a0 DiscordHook64.dll
RCX=0x0000000000000002 is an unknown value
RDX=0x00007ffe06f15e9b DiscordHook64.dll
RSP=0x000000f992e3e280 is pointing into the stack for thread: 0x000002b5ee1b9b80
RBP=0x000000f992e3e3c0 is pointing into the stack for thread: 0x000002b5ee1b9b80
RSI=0x0 is NULL
RDI=0x000000f992e3e3f0 is pointing into the stack for thread: 0x000002b5ee1b9b80
R8 =0x00007ffe06eeaa9e DiscordHook64.dll
R9 =0x000000f992e3e4a8 is pointing into the stack for thread: 0x000002b5ee1b9b80
R10=0x000000f992e3dc60 is pointing into the stack for thread: 0x000002b5ee1b9b80
R11=0x000000f992e3e9c0 is pointing into the stack for thread: 0x000002b5ee1b9b80
R12=0x0 is NULL
R13=0x000000f992e3e9c0 is pointing into the stack for thread: 0x000002b5ee1b9b80
R14=0x000000f992e3ea70 is pointing into the stack for thread: 0x000002b5ee1b9b80
R15=0x00007ffe0702c970 DiscordHook64.dll


Registers:
RAX=0x000002b895421d20, RBX=0x00007ffe070200a0, RCX=0x0000000000000002, RDX=0x00007ffe06f15e9b
RSP=0x000000f992e3e280, RBP=0x000000f992e3e3c0, RSI=0x0000000000000000, RDI=0x000000f992e3e3f0
R8 =0x00007ffe06eeaa9e, R9 =0x000000f992e3e4a8, R10=0x000000f992e3dc60, R11=0x000000f992e3e9c0
R12=0x0000000000000000, R13=0x000000f992e3e9c0, R14=0x000000f992e3ea70, R15=0x00007ffe0702c970
RIP=0x00007ffe37684b89, EFLAGS=0x0000000000000206

Top of Stack: (sp=0x000000f992e3e280)
0x000000f992e3e280:   0000000100000009 00007ffe070200a0
0x000000f992e3e290:   0000000000000000 00007ffe37ae25a1
0x000000f992e3e2a0:   00000001e06d7363 0000000000000000
0x000000f992e3e2b0:   00007ffe37684b89 0000000000000004
0x000000f992e3e2c0:   0000000019930520 000000f992e3e3f0
0x000000f992e3e2d0:   00007ffe070200a0 00007ffe06e70000
0x000000f992e3e2e0:   000000f992e3e9c0 0000000000000000
0x000000f992e3e2f0:   0000000000000000 000000f992e3e3c0
0x000000f992e3e300:   000000f992e3e3d0 00007ffe39d84a5f
0x000000f992e3e310:   000000f992e3e3f0 00018d0100000000
0x000000f992e3e320:   000002b5ecbe0420 0000000000000000
0x000000f992e3e330:   00007ffe07032000 00007ffe06e70000
0x000000f992e3e340:   00007e55239e733d 0000000000000000
0x000000f992e3e350:   00007ffe070200a0 00007ffe06f68d45
0x000000f992e3e360:   0000000000000013 0000000000000002
0x000000f992e3e370:   0000666279029fde ffffffff8d0112e8 

Instructions: (pc=0x00007ffe37684b89)
0x00007ffe37684a89:   d8 21 00 00 41 0f 44 c0 89 43 24 8b 41 18 89 43
0x00007ffe37684a99:   28 65 48 8b 04 25 60 00 00 00 48 8b 48 20 39 79
0x00007ffe37684aa9:   08 7c 36 41 b9 40 00 00 00 48 89 7c 24 20 4c 8d
0x00007ffe37684ab9:   44 24 30 48 83 c9 ff 41 8d 51 e5 48 ff 15 8d 9f
0x00007ffe37684ac9:   18 00 0f 1f 44 00 00 85 c0 0f 88 33 f1 06 00 81
0x00007ffe37684ad9:   7c 24 54 33 00 03 00 72 0f 48 8b 9c 24 80 00 00
0x00007ffe37684ae9:   00 48 83 c4 70 5f c3 cc 89 7b 2c eb ec cc cc cc
0x00007ffe37684af9:   cc cc cc cc cc cc cc 65 48 8b 04 25 30 00 00 00
0x00007ffe37684b09:   8b 40 68 c3 cc cc cc cc cc cc cc cc cc cc cc cc
0x00007ffe37684b19:   cc cc cc cc cc cc cc 48 81 ec d8 00 00 00 48 8b
0x00007ffe37684b29:   05 42 63 25 00 48 33 c4 48 89 84 24 c0 00 00 00
0x00007ffe37684b39:   48 83 64 24 28 00 48 8d 05 da ff ff ff 83 e2 01
0x00007ffe37684b49:   89 4c 24 20 89 54 24 24 48 89 44 24 30 4d 85 c9
0x00007ffe37684b59:   74 4c b8 0f 00 00 00 48 8d 4c 24 40 44 3b c0 49
0x00007ffe37684b69:   8b d1 44 0f 47 c0 44 89 44 24 38 49 c1 e0 03 e8
0x00007ffe37684b79:   2a d3 05 00 48 8d 4c 24 20 48 ff 15 af 9f 18 00
0x00007ffe37684b89:   0f 1f 44 00 00 48 8b 8c 24 c0 00 00 00 48 33 cc
0x00007ffe37684b99:   e8 62 95 05 00 48 81 c4 d8 00 00 00 c3 cc 83 64
0x00007ffe37684ba9:   24 38 00 eb cf cc cc cc cc cc cc cc cc cc cc cc
0x00007ffe37684bb9:   cc cc cc cc cc cc cc 40 53 48 83 ec 30 48 8b d1
0x00007ffe37684bc9:   48 8d 4c 24 20 e8 e5 cc ff ff 85 c0 74 26 48 8b
0x00007ffe37684bd9:   4c 24 28 e8 8f 6f ff ff 48 8d 4c 24 20 8b d8 48
0x00007ffe37684be9:   ff 15 a1 97 18 00 0f 1f 44 00 00 8b c3 48 83 c4
0x00007ffe37684bf9:   30 5b c3 cc 83 c8 ff eb f4 cc cc cc cc cc cc cc
0x00007ffe37684c09:   cc cc cc cc cc cc cc 48 8b c4 48 89 58 10 48 89
0x00007ffe37684c19:   70 18 57 48 83 ec 60 0f 57 c0 0f 11 40 b8 48 8d
0x00007ffe37684c29:   35 c2 f7 18 00 33 db 48 85 c9 48 0f 45 f1 48 8b
0x00007ffe37684c39:   d6 48 8d 48 c8 48 ff 15 d3 9d 18 00 0f 1f 44 00
0x00007ffe37684c49:   00 8b f8 89 44 24 70 85 c0 78 1f 41 b0 01 48 8d
0x00007ffe37684c59:   54 24 30 48 8d 4c 24 20 48 ff 15 50 97 18 00 0f
0x00007ffe37684c69:   1f 44 00 00 8b f8 89 44 24 70 85 ff 0f 88 9d ef
0x00007ffe37684c79:   06 00 48 83 c8 ff 48 8b c8 48 ff c1 66 39 1c 4e 


Stack slot to memory mapping:
stack at sp + 0 slots: 0x0000000100000009 is an unknown value
stack at sp + 1 slots: 0x00007ffe070200a0 DiscordHook64.dll
stack at sp + 2 slots: 0x0 is NULL
stack at sp + 3 slots: 0x00007ffe37ae25a1 gdi32full.dll
stack at sp + 4 slots: 0x00000001e06d7363 is an unknown value
stack at sp + 5 slots: 0x0 is NULL
stack at sp + 6 slots: 0x00007ffe37684b89 KERNELBASE.dll
stack at sp + 7 slots: 0x0000000000000004 is an unknown value


---------------  P R O C E S S  ---------------

Threads class SMR info:
_java_thread_list=0x000002b5f6b59550, length=18, elements={
0x000002b5ecade320, 0x000002b5ecadf1e0, 0x000002b5ecaf1650, 0x000002b5ecaf2160,
0x000002b5ecaf4b70, 0x000002b5ecaf7580, 0x000002b5ecaf82b0, 0x000002b5ecaf8da0,
0x000002b5ecafb7f0, 0x000002b5ecab90c0, 0x000002b5ed6aff70, 0x000002b5ed6b48b0,
0x000002b5ed905ab0, 0x000002b5ed8b7570, 0x000002b5ee419b20, 0x000002b5ee1ba620,
0x000002b5ee1b9b80, 0x000002b5ee1bb610
}

Java Threads: ( => current thread )
  0x000002b5ecade320 JavaThread "Reference Handler" daemon [_thread_blocked, id=8932, stack(0x000000f990e00000,0x000000f990f00000)]
  0x000002b5ecadf1e0 JavaThread "Finalizer" daemon [_thread_blocked, id=8908, stack(0x000000f990f00000,0x000000f991000000)]
  0x000002b5ecaf1650 JavaThread "Signal Dispatcher" daemon [_thread_blocked, id=14180, stack(0x000000f991000000,0x000000f991100000)]
  0x000002b5ecaf2160 JavaThread "Attach Listener" daemon [_thread_blocked, id=10176, stack(0x000000f991100000,0x000000f991200000)]
  0x000002b5ecaf4b70 JavaThread "Service Thread" daemon [_thread_blocked, id=13512, stack(0x000000f991200000,0x000000f991300000)]
  0x000002b5ecaf7580 JavaThread "Monitor Deflation Thread" daemon [_thread_blocked, id=744, stack(0x000000f991300000,0x000000f991400000)]
  0x000002b5ecaf82b0 JavaThread "C2 CompilerThread0" daemon [_thread_blocked, id=9160, stack(0x000000f991400000,0x000000f991500000)]
  0x000002b5ecaf8da0 JavaThread "C1 CompilerThread0" daemon [_thread_blocked, id=3448, stack(0x000000f991500000,0x000000f991600000)]
  0x000002b5ecafb7f0 JavaThread "Sweeper thread" daemon [_thread_blocked, id=3380, stack(0x000000f991600000,0x000000f991700000)]
  0x000002b5ecab90c0 JavaThread "Common-Cleaner" daemon [_thread_blocked, id=11816, stack(0x000000f991700000,0x000000f991800000)]
  0x000002b5ed6aff70 JavaThread "Monitor Ctrl-Break" daemon [_thread_in_native, id=12172, stack(0x000000f991800000,0x000000f991900000)]
  0x000002b5ed6b48b0 JavaThread "Notification Thread" daemon [_thread_blocked, id=8624, stack(0x000000f991900000,0x000000f991a00000)]
  0x000002b5ed905ab0 JavaThread "Java2D Disposer" daemon [_thread_blocked, id=4104, stack(0x000000f991b00000,0x000000f991c00000)]
  0x000002b5ed8b7570 JavaThread "AWT-Windows" daemon [_thread_in_native, id=3796, stack(0x000000f991d00000,0x000000f991e00000)]
  0x000002b5ee419b20 JavaThread "main-SharedResourceRunner" daemon [_thread_blocked, id=10140, stack(0x000000f992140000,0x000000f992240000)]
  0x000002b5ee1ba620 JavaThread "main-Display-.windows_nil-1-EDT-1" daemon [_thread_blocked, id=1100, stack(0x000000f991c00000,0x000000f991d00000)]
=>0x000002b5ee1b9b80 JavaThread "main-FPSAWTAnimator#00-Timer0" [_thread_in_native, id=5452, stack(0x000000f992d40000,0x000000f992e40000)]
  0x000002b5ee1bb610 JavaThread "DestroyJavaVM" [_thread_blocked, id=2824, stack(0x000000f990700000,0x000000f990800000)]

Other Threads:
  0x000002b5ecad52a0 VMThread "VM Thread" [stack: 0x000000f990d00000,0x000000f990e00000] [id=2132]
  0x000002b5ed6b6ae0 WatcherThread [stack: 0x000000f991a00000,0x000000f991b00000] [id=12936]
  0x000002b5cef3d230 GCTaskThread "GC Thread#0" [stack: 0x000000f990800000,0x000000f990900000] [id=7632]
  0x000002b5f6325b40 GCTaskThread "GC Thread#1" [stack: 0x000000f992840000,0x000000f992940000] [id=13144]
  0x000002b5f6322420 GCTaskThread "GC Thread#2" [stack: 0x000000f992940000,0x000000f992a40000] [id=8816]
  0x000002b5f6323ca0 GCTaskThread "GC Thread#3" [stack: 0x000000f992a40000,0x000000f992b40000] [id=14048]
  0x000002b5f6325210 GCTaskThread "GC Thread#4" [stack: 0x000000f992b40000,0x000000f992c40000] [id=13380]
  0x000002b5f6323370 GCTaskThread "GC Thread#5" [stack: 0x000000f992c40000,0x000000f992d40000] [id=10296]
  0x000002b5cef4e2c0 ConcurrentGCThread "G1 Main Marker" [stack: 0x000000f990900000,0x000000f990a00000] [id=9060]
  0x000002b5cef50560 ConcurrentGCThread "G1 Conc#0" [stack: 0x000000f990a00000,0x000000f990b00000] [id=8644]
  0x000002b5cefd6e40 ConcurrentGCThread "G1 Refine#0" [stack: 0x000000f990b00000,0x000000f990c00000] [id=7816]
  0x000002b5cefd7940 ConcurrentGCThread "G1 Service" [stack: 0x000000f990c00000,0x000000f990d00000] [id=1560]

Threads with active compile tasks:

VM state: not at safepoint (normal execution)

VM Mutex/Monitor currently owned by a thread: None

Heap address: 0x0000000080c00000, size: 2036 MB, Compressed Oops mode: 32-bit

CDS archive(s) mapped at: [0x0000000800000000-0x0000000800bb0000-0x0000000800bb0000), size 12255232, SharedBaseAddress: 0x0000000800000000, ArchiveRelocationMode: 0.
Compressed class space mapped at: 0x0000000800c00000-0x0000000840c00000, reserved size: 1073741824
Narrow klass base: 0x0000000800000000, Narrow klass shift: 3, Narrow klass range: 0x100000000

GC Precious Log:
 CPUs: 6 total, 6 available
 Memory: 8140M
 Large Page Support: Disabled
 NUMA Support: Disabled
 Compressed Oops: Enabled (32-bit)
 Heap Region Size: 1M
 Heap Min Capacity: 8M
 Heap Initial Capacity: 128M
 Heap Max Capacity: 2036M
 Pre-touch: Disabled
 Parallel Workers: 6
 Concurrent Workers: 2
 Concurrent Refinement Workers: 6
 Periodic GC: Disabled

Heap:
 garbage-first heap   total 131072K, used 11860K [0x0000000080c00000, 0x0000000100000000)
  region size 1024K, 11 young (11264K), 3 survivors (3072K)
 Metaspace       used 10793K, committed 10944K, reserved 1064960K
  class space    used 822K, committed 896K, reserved 1048576K

Heap Regions: E=young(eden), S=young(survivor), O=old, HS=humongous(starts), HC=humongous(continues), CS=collection set, F=free, OA=open archive, CA=closed archive, TAMS=top-at-mark-start (previous, next)
|   0|0x0000000080c00000, 0x0000000080c00000, 0x0000000080d00000|  0%| F|  |TAMS 0x0000000080c00000, 0x0000000080c00000| Untracked 
|   1|0x0000000080d00000, 0x0000000080e00000, 0x0000000080e00000|100%| O|  |TAMS 0x0000000080d00000, 0x0000000080d00000| Untracked 
|   2|0x0000000080e00000, 0x0000000080e95200, 0x0000000080f00000| 58%| O|  |TAMS 0x0000000080e00000, 0x0000000080e00000| Untracked 
|   3|0x0000000080f00000, 0x0000000080f00000, 0x0000000081000000|  0%| F|  |TAMS 0x0000000080f00000, 0x0000000080f00000| Untracked 
|   4|0x0000000081000000, 0x0000000081000000, 0x0000000081100000|  0%| F|  |TAMS 0x0000000081000000, 0x0000000081000000| Untracked 
|   5|0x0000000081100000, 0x0000000081100000, 0x0000000081200000|  0%| F|  |TAMS 0x0000000081100000, 0x0000000081100000| Untracked 
|   6|0x0000000081200000, 0x0000000081200000, 0x0000000081300000|  0%| F|  |TAMS 0x0000000081200000, 0x0000000081200000| Untracked 
|   7|0x0000000081300000, 0x0000000081300000, 0x0000000081400000|  0%| F|  |TAMS 0x0000000081300000, 0x0000000081300000| Untracked 
|   8|0x0000000081400000, 0x0000000081400000, 0x0000000081500000|  0%| F|  |TAMS 0x0000000081400000, 0x0000000081400000| Untracked 
|   9|0x0000000081500000, 0x0000000081500000, 0x0000000081600000|  0%| F|  |TAMS 0x0000000081500000, 0x0000000081500000| Untracked 
|  10|0x0000000081600000, 0x0000000081600000, 0x0000000081700000|  0%| F|  |TAMS 0x0000000081600000, 0x0000000081600000| Untracked 
|  11|0x0000000081700000, 0x0000000081700000, 0x0000000081800000|  0%| F|  |TAMS 0x0000000081700000, 0x0000000081700000| Untracked 
|  12|0x0000000081800000, 0x0000000081800000, 0x0000000081900000|  0%| F|  |TAMS 0x0000000081800000, 0x0000000081800000| Untracked 
|  13|0x0000000081900000, 0x0000000081900000, 0x0000000081a00000|  0%| F|  |TAMS 0x0000000081900000, 0x0000000081900000| Untracked 
|  14|0x0000000081a00000, 0x0000000081a00000, 0x0000000081b00000|  0%| F|  |TAMS 0x0000000081a00000, 0x0000000081a00000| Untracked 
|  15|0x0000000081b00000, 0x0000000081b00000, 0x0000000081c00000|  0%| F|  |TAMS 0x0000000081b00000, 0x0000000081b00000| Untracked 
|  16|0x0000000081c00000, 0x0000000081c00000, 0x0000000081d00000|  0%| F|  |TAMS 0x0000000081c00000, 0x0000000081c00000| Untracked 
|  17|0x0000000081d00000, 0x0000000081d00000, 0x0000000081e00000|  0%| F|  |TAMS 0x0000000081d00000, 0x0000000081d00000| Untracked 
|  18|0x0000000081e00000, 0x0000000081e00000, 0x0000000081f00000|  0%| F|  |TAMS 0x0000000081e00000, 0x0000000081e00000| Untracked 
|  19|0x0000000081f00000, 0x0000000081f00000, 0x0000000082000000|  0%| F|  |TAMS 0x0000000081f00000, 0x0000000081f00000| Untracked 
|  20|0x0000000082000000, 0x0000000082000000, 0x0000000082100000|  0%| F|  |TAMS 0x0000000082000000, 0x0000000082000000| Untracked 
|  21|0x0000000082100000, 0x0000000082100000, 0x0000000082200000|  0%| F|  |TAMS 0x0000000082100000, 0x0000000082100000| Untracked 
|  22|0x0000000082200000, 0x0000000082200000, 0x0000000082300000|  0%| F|  |TAMS 0x0000000082200000, 0x0000000082200000| Untracked 
|  23|0x0000000082300000, 0x0000000082300000, 0x0000000082400000|  0%| F|  |TAMS 0x0000000082300000, 0x0000000082300000| Untracked 
|  24|0x0000000082400000, 0x0000000082400000, 0x0000000082500000|  0%| F|  |TAMS 0x0000000082400000, 0x0000000082400000| Untracked 
|  25|0x0000000082500000, 0x0000000082500000, 0x0000000082600000|  0%| F|  |TAMS 0x0000000082500000, 0x0000000082500000| Untracked 
|  26|0x0000000082600000, 0x0000000082600000, 0x0000000082700000|  0%| F|  |TAMS 0x0000000082600000, 0x0000000082600000| Untracked 
|  27|0x0000000082700000, 0x0000000082700000, 0x0000000082800000|  0%| F|  |TAMS 0x0000000082700000, 0x0000000082700000| Untracked 
|  28|0x0000000082800000, 0x0000000082800000, 0x0000000082900000|  0%| F|  |TAMS 0x0000000082800000, 0x0000000082800000| Untracked 
|  29|0x0000000082900000, 0x0000000082900000, 0x0000000082a00000|  0%| F|  |TAMS 0x0000000082900000, 0x0000000082900000| Untracked 
|  30|0x0000000082a00000, 0x0000000082a00000, 0x0000000082b00000|  0%| F|  |TAMS 0x0000000082a00000, 0x0000000082a00000| Untracked 
|  31|0x0000000082b00000, 0x0000000082b00000, 0x0000000082c00000|  0%| F|  |TAMS 0x0000000082b00000, 0x0000000082b00000| Untracked 
|  32|0x0000000082c00000, 0x0000000082c00000, 0x0000000082d00000|  0%| F|  |TAMS 0x0000000082c00000, 0x0000000082c00000| Untracked 
|  33|0x0000000082d00000, 0x0000000082d00000, 0x0000000082e00000|  0%| F|  |TAMS 0x0000000082d00000, 0x0000000082d00000| Untracked 
|  34|0x0000000082e00000, 0x0000000082e00000, 0x0000000082f00000|  0%| F|  |TAMS 0x0000000082e00000, 0x0000000082e00000| Untracked 
|  35|0x0000000082f00000, 0x0000000082f00000, 0x0000000083000000|  0%| F|  |TAMS 0x0000000082f00000, 0x0000000082f00000| Untracked 
|  36|0x0000000083000000, 0x0000000083000000, 0x0000000083100000|  0%| F|  |TAMS 0x0000000083000000, 0x0000000083000000| Untracked 
|  37|0x0000000083100000, 0x0000000083100000, 0x0000000083200000|  0%| F|  |TAMS 0x0000000083100000, 0x0000000083100000| Untracked 
|  38|0x0000000083200000, 0x0000000083200000, 0x0000000083300000|  0%| F|  |TAMS 0x0000000083200000, 0x0000000083200000| Untracked 
|  39|0x0000000083300000, 0x0000000083300000, 0x0000000083400000|  0%| F|  |TAMS 0x0000000083300000, 0x0000000083300000| Untracked 
|  40|0x0000000083400000, 0x0000000083400000, 0x0000000083500000|  0%| F|  |TAMS 0x0000000083400000, 0x0000000083400000| Untracked 
|  41|0x0000000083500000, 0x0000000083500000, 0x0000000083600000|  0%| F|  |TAMS 0x0000000083500000, 0x0000000083500000| Untracked 
|  42|0x0000000083600000, 0x0000000083600000, 0x0000000083700000|  0%| F|  |TAMS 0x0000000083600000, 0x0000000083600000| Untracked 
|  43|0x0000000083700000, 0x0000000083700000, 0x0000000083800000|  0%| F|  |TAMS 0x0000000083700000, 0x0000000083700000| Untracked 
|  44|0x0000000083800000, 0x0000000083800000, 0x0000000083900000|  0%| F|  |TAMS 0x0000000083800000, 0x0000000083800000| Untracked 
|  45|0x0000000083900000, 0x0000000083900000, 0x0000000083a00000|  0%| F|  |TAMS 0x0000000083900000, 0x0000000083900000| Untracked 
|  46|0x0000000083a00000, 0x0000000083a00000, 0x0000000083b00000|  0%| F|  |TAMS 0x0000000083a00000, 0x0000000083a00000| Untracked 
|  47|0x0000000083b00000, 0x0000000083b00000, 0x0000000083c00000|  0%| F|  |TAMS 0x0000000083b00000, 0x0000000083b00000| Untracked 
|  48|0x0000000083c00000, 0x0000000083c00000, 0x0000000083d00000|  0%| F|  |TAMS 0x0000000083c00000, 0x0000000083c00000| Untracked 
|  49|0x0000000083d00000, 0x0000000083d00000, 0x0000000083e00000|  0%| F|  |TAMS 0x0000000083d00000, 0x0000000083d00000| Untracked 
|  50|0x0000000083e00000, 0x0000000083e00000, 0x0000000083f00000|  0%| F|  |TAMS 0x0000000083e00000, 0x0000000083e00000| Untracked 
|  51|0x0000000083f00000, 0x0000000083f00000, 0x0000000084000000|  0%| F|  |TAMS 0x0000000083f00000, 0x0000000083f00000| Untracked 
|  52|0x0000000084000000, 0x0000000084000000, 0x0000000084100000|  0%| F|  |TAMS 0x0000000084000000, 0x0000000084000000| Untracked 
|  53|0x0000000084100000, 0x0000000084100000, 0x0000000084200000|  0%| F|  |TAMS 0x0000000084100000, 0x0000000084100000| Untracked 
|  54|0x0000000084200000, 0x0000000084200000, 0x0000000084300000|  0%| F|  |TAMS 0x0000000084200000, 0x0000000084200000| Untracked 
|  55|0x0000000084300000, 0x0000000084300000, 0x0000000084400000|  0%| F|  |TAMS 0x0000000084300000, 0x0000000084300000| Untracked 
|  56|0x0000000084400000, 0x0000000084400000, 0x0000000084500000|  0%| F|  |TAMS 0x0000000084400000, 0x0000000084400000| Untracked 
|  57|0x0000000084500000, 0x0000000084500000, 0x0000000084600000|  0%| F|  |TAMS 0x0000000084500000, 0x0000000084500000| Untracked 
|  58|0x0000000084600000, 0x0000000084600000, 0x0000000084700000|  0%| F|  |TAMS 0x0000000084600000, 0x0000000084600000| Untracked 
|  59|0x0000000084700000, 0x0000000084700000, 0x0000000084800000|  0%| F|  |TAMS 0x0000000084700000, 0x0000000084700000| Untracked 
|  60|0x0000000084800000, 0x0000000084800000, 0x0000000084900000|  0%| F|  |TAMS 0x0000000084800000, 0x0000000084800000| Untracked 
|  61|0x0000000084900000, 0x0000000084900000, 0x0000000084a00000|  0%| F|  |TAMS 0x0000000084900000, 0x0000000084900000| Untracked 
|  62|0x0000000084a00000, 0x0000000084a00000, 0x0000000084b00000|  0%| F|  |TAMS 0x0000000084a00000, 0x0000000084a00000| Untracked 
|  63|0x0000000084b00000, 0x0000000084b00000, 0x0000000084c00000|  0%| F|  |TAMS 0x0000000084b00000, 0x0000000084b00000| Untracked 
|  64|0x0000000084c00000, 0x0000000084c00000, 0x0000000084d00000|  0%| F|  |TAMS 0x0000000084c00000, 0x0000000084c00000| Untracked 
|  65|0x0000000084d00000, 0x0000000084d00000, 0x0000000084e00000|  0%| F|  |TAMS 0x0000000084d00000, 0x0000000084d00000| Untracked 
|  66|0x0000000084e00000, 0x0000000084e00000, 0x0000000084f00000|  0%| F|  |TAMS 0x0000000084e00000, 0x0000000084e00000| Untracked 
|  67|0x0000000084f00000, 0x0000000084f00000, 0x0000000085000000|  0%| F|  |TAMS 0x0000000084f00000, 0x0000000084f00000| Untracked 
|  68|0x0000000085000000, 0x0000000085000000, 0x0000000085100000|  0%| F|  |TAMS 0x0000000085000000, 0x0000000085000000| Untracked 
|  69|0x0000000085100000, 0x0000000085100000, 0x0000000085200000|  0%| F|  |TAMS 0x0000000085100000, 0x0000000085100000| Untracked 
|  70|0x0000000085200000, 0x0000000085200000, 0x0000000085300000|  0%| F|  |TAMS 0x0000000085200000, 0x0000000085200000| Untracked 
|  71|0x0000000085300000, 0x0000000085300000, 0x0000000085400000|  0%| F|  |TAMS 0x0000000085300000, 0x0000000085300000| Untracked 
|  72|0x0000000085400000, 0x0000000085400000, 0x0000000085500000|  0%| F|  |TAMS 0x0000000085400000, 0x0000000085400000| Untracked 
|  73|0x0000000085500000, 0x0000000085500000, 0x0000000085600000|  0%| F|  |TAMS 0x0000000085500000, 0x0000000085500000| Untracked 
|  74|0x0000000085600000, 0x0000000085600000, 0x0000000085700000|  0%| F|  |TAMS 0x0000000085600000, 0x0000000085600000| Untracked 
|  75|0x0000000085700000, 0x0000000085700000, 0x0000000085800000|  0%| F|  |TAMS 0x0000000085700000, 0x0000000085700000| Untracked 
|  76|0x0000000085800000, 0x0000000085800000, 0x0000000085900000|  0%| F|  |TAMS 0x0000000085800000, 0x0000000085800000| Untracked 
|  77|0x0000000085900000, 0x0000000085900000, 0x0000000085a00000|  0%| F|  |TAMS 0x0000000085900000, 0x0000000085900000| Untracked 
|  78|0x0000000085a00000, 0x0000000085a00000, 0x0000000085b00000|  0%| F|  |TAMS 0x0000000085a00000, 0x0000000085a00000| Untracked 
|  79|0x0000000085b00000, 0x0000000085b00000, 0x0000000085c00000|  0%| F|  |TAMS 0x0000000085b00000, 0x0000000085b00000| Untracked 
|  80|0x0000000085c00000, 0x0000000085c00000, 0x0000000085d00000|  0%| F|  |TAMS 0x0000000085c00000, 0x0000000085c00000| Untracked 
|  81|0x0000000085d00000, 0x0000000085d00000, 0x0000000085e00000|  0%| F|  |TAMS 0x0000000085d00000, 0x0000000085d00000| Untracked 
|  82|0x0000000085e00000, 0x0000000085e00000, 0x0000000085f00000|  0%| F|  |TAMS 0x0000000085e00000, 0x0000000085e00000| Untracked 
|  83|0x0000000085f00000, 0x0000000085f00000, 0x0000000086000000|  0%| F|  |TAMS 0x0000000085f00000, 0x0000000085f00000| Untracked 
|  84|0x0000000086000000, 0x0000000086000000, 0x0000000086100000|  0%| F|  |TAMS 0x0000000086000000, 0x0000000086000000| Untracked 
|  85|0x0000000086100000, 0x0000000086100000, 0x0000000086200000|  0%| F|  |TAMS 0x0000000086100000, 0x0000000086100000| Untracked 
|  86|0x0000000086200000, 0x0000000086200000, 0x0000000086300000|  0%| F|  |TAMS 0x0000000086200000, 0x0000000086200000| Untracked 
|  87|0x0000000086300000, 0x0000000086300000, 0x0000000086400000|  0%| F|  |TAMS 0x0000000086300000, 0x0000000086300000| Untracked 
|  88|0x0000000086400000, 0x0000000086400000, 0x0000000086500000|  0%| F|  |TAMS 0x0000000086400000, 0x0000000086400000| Untracked 
|  89|0x0000000086500000, 0x0000000086500000, 0x0000000086600000|  0%| F|  |TAMS 0x0000000086500000, 0x0000000086500000| Untracked 
|  90|0x0000000086600000, 0x0000000086600000, 0x0000000086700000|  0%| F|  |TAMS 0x0000000086600000, 0x0000000086600000| Untracked 
|  91|0x0000000086700000, 0x0000000086700000, 0x0000000086800000|  0%| F|  |TAMS 0x0000000086700000, 0x0000000086700000| Untracked 
|  92|0x0000000086800000, 0x0000000086800000, 0x0000000086900000|  0%| F|  |TAMS 0x0000000086800000, 0x0000000086800000| Untracked 
|  93|0x0000000086900000, 0x0000000086900000, 0x0000000086a00000|  0%| F|  |TAMS 0x0000000086900000, 0x0000000086900000| Untracked 
|  94|0x0000000086a00000, 0x0000000086a00000, 0x0000000086b00000|  0%| F|  |TAMS 0x0000000086a00000, 0x0000000086a00000| Untracked 
|  95|0x0000000086b00000, 0x0000000086b00000, 0x0000000086c00000|  0%| F|  |TAMS 0x0000000086b00000, 0x0000000086b00000| Untracked 
|  96|0x0000000086c00000, 0x0000000086c00000, 0x0000000086d00000|  0%| F|  |TAMS 0x0000000086c00000, 0x0000000086c00000| Untracked 
|  97|0x0000000086d00000, 0x0000000086d00000, 0x0000000086e00000|  0%| F|  |TAMS 0x0000000086d00000, 0x0000000086d00000| Untracked 
|  98|0x0000000086e00000, 0x0000000086e00000, 0x0000000086f00000|  0%| F|  |TAMS 0x0000000086e00000, 0x0000000086e00000| Untracked 
|  99|0x0000000086f00000, 0x0000000086f00000, 0x0000000087000000|  0%| F|  |TAMS 0x0000000086f00000, 0x0000000086f00000| Untracked 
| 100|0x0000000087000000, 0x0000000087000000, 0x0000000087100000|  0%| F|  |TAMS 0x0000000087000000, 0x0000000087000000| Untracked 
| 101|0x0000000087100000, 0x0000000087100000, 0x0000000087200000|  0%| F|  |TAMS 0x0000000087100000, 0x0000000087100000| Untracked 
| 102|0x0000000087200000, 0x0000000087200000, 0x0000000087300000|  0%| F|  |TAMS 0x0000000087200000, 0x0000000087200000| Untracked 
| 103|0x0000000087300000, 0x0000000087300000, 0x0000000087400000|  0%| F|  |TAMS 0x0000000087300000, 0x0000000087300000| Untracked 
| 104|0x0000000087400000, 0x0000000087500000, 0x0000000087500000|100%| S|CS|TAMS 0x0000000087400000, 0x0000000087400000| Complete 
| 105|0x0000000087500000, 0x0000000087600000, 0x0000000087600000|100%| S|CS|TAMS 0x0000000087500000, 0x0000000087500000| Complete 
| 106|0x0000000087600000, 0x0000000087700000, 0x0000000087700000|100%| S|CS|TAMS 0x0000000087600000, 0x0000000087600000| Complete 
| 107|0x0000000087700000, 0x0000000087700000, 0x0000000087800000|  0%| F|  |TAMS 0x0000000087700000, 0x0000000087700000| Untracked 
| 108|0x0000000087800000, 0x0000000087800000, 0x0000000087900000|  0%| F|  |TAMS 0x0000000087800000, 0x0000000087800000| Untracked 
| 109|0x0000000087900000, 0x0000000087900000, 0x0000000087a00000|  0%| F|  |TAMS 0x0000000087900000, 0x0000000087900000| Untracked 
| 110|0x0000000087a00000, 0x0000000087a00000, 0x0000000087b00000|  0%| F|  |TAMS 0x0000000087a00000, 0x0000000087a00000| Untracked 
| 111|0x0000000087b00000, 0x0000000087b00000, 0x0000000087c00000|  0%| F|  |TAMS 0x0000000087b00000, 0x0000000087b00000| Untracked 
| 112|0x0000000087c00000, 0x0000000087c00000, 0x0000000087d00000|  0%| F|  |TAMS 0x0000000087c00000, 0x0000000087c00000| Untracked 
| 113|0x0000000087d00000, 0x0000000087d00000, 0x0000000087e00000|  0%| F|  |TAMS 0x0000000087d00000, 0x0000000087d00000| Untracked 
| 114|0x0000000087e00000, 0x0000000087e00000, 0x0000000087f00000|  0%| F|  |TAMS 0x0000000087e00000, 0x0000000087e00000| Untracked 
| 115|0x0000000087f00000, 0x0000000087f00000, 0x0000000088000000|  0%| F|  |TAMS 0x0000000087f00000, 0x0000000087f00000| Untracked 
| 116|0x0000000088000000, 0x0000000088000000, 0x0000000088100000|  0%| F|  |TAMS 0x0000000088000000, 0x0000000088000000| Untracked 
| 117|0x0000000088100000, 0x0000000088100000, 0x0000000088200000|  0%| F|  |TAMS 0x0000000088100000, 0x0000000088100000| Untracked 
| 118|0x0000000088200000, 0x0000000088200000, 0x0000000088300000|  0%| F|  |TAMS 0x0000000088200000, 0x0000000088200000| Untracked 
| 119|0x0000000088300000, 0x0000000088300000, 0x0000000088400000|  0%| F|  |TAMS 0x0000000088300000, 0x0000000088300000| Untracked 
| 120|0x0000000088400000, 0x00000000884d6a78, 0x0000000088500000| 83%| E|  |TAMS 0x0000000088400000, 0x0000000088400000| Complete 
| 121|0x0000000088500000, 0x0000000088600000, 0x0000000088600000|100%| E|CS|TAMS 0x0000000088500000, 0x0000000088500000| Complete 
| 122|0x0000000088600000, 0x0000000088700000, 0x0000000088700000|100%| E|CS|TAMS 0x0000000088600000, 0x0000000088600000| Complete 
| 123|0x0000000088700000, 0x0000000088800000, 0x0000000088800000|100%| E|CS|TAMS 0x0000000088700000, 0x0000000088700000| Complete 
| 124|0x0000000088800000, 0x0000000088900000, 0x0000000088900000|100%| E|CS|TAMS 0x0000000088800000, 0x0000000088800000| Complete 
| 125|0x0000000088900000, 0x0000000088a00000, 0x0000000088a00000|100%| E|CS|TAMS 0x0000000088900000, 0x0000000088900000| Complete 
| 126|0x0000000088a00000, 0x0000000088b00000, 0x0000000088b00000|100%| E|CS|TAMS 0x0000000088a00000, 0x0000000088a00000| Complete 
| 127|0x0000000088b00000, 0x0000000088c00000, 0x0000000088c00000|100%| E|CS|TAMS 0x0000000088b00000, 0x0000000088b00000| Complete 

Card table byte_map: [0x000002b5e5b90000,0x000002b5e5f90000] _byte_map_base: 0x000002b5e578a000

Marking Bits (Prev, Next): (CMBitMap*) 0x000002b5cef3d920, (CMBitMap*) 0x000002b5cef3d960
 Prev Bits: [0x000002b5e6390000, 0x000002b5e8360000)
 Next Bits: [0x000002b5e8360000, 0x000002b5ea330000)

Polling page: 0x000002b5cce70000

Metaspace:

Usage:
  Non-class:      9.74 MB used.
      Class:    822.70 KB used.
       Both:     10.54 MB used.

Virtual space:
  Non-class space:       16.00 MB reserved,       9.81 MB ( 61%) committed,  2 nodes.
      Class space:        1.00 GB reserved,     896.00 KB ( <1%) committed,  1 nodes.
              Both:        1.02 GB reserved,      10.69 MB (  1%) committed. 

Chunk freelists:
   Non-Class:  1.69 MB
       Class:  2.97 MB
        Both:  4.66 MB

MaxMetaspaceSize: 17179869184.00 GB
CompressedClassSpaceSize: 1.00 GB
 - commit_granule_bytes: 65536.
 - commit_granule_words: 8192.
 - virtual_space_node_default_size: 1048576.
 - enlarge_chunks_in_place: 1.
 - new_chunks_are_fully_committed: 0.
 - uncommit_free_chunks: 1.
 - use_allocation_guard: 0.
 - handle_deallocations: 1.


Internal statistics:

num_allocs_failed_limit: 0.
num_arena_births: 90.
num_arena_deaths: 0.
num_vsnodes_births: 3.
num_vsnodes_deaths: 0.
num_space_committed: 167.
num_space_uncommitted: 0.
num_chunks_returned_to_freelist: 0.
num_chunks_taken_from_freelist: 294.
num_chunk_merges: 0.
num_chunk_splits: 223.
num_chunks_enlarged: 174.
num_purges: 0.

CodeHeap 'non-profiled nmethods': size=120000Kb used=451Kb max_used=451Kb free=119548Kb
 bounds [0x000002b5de150000, 0x000002b5de3c0000, 0x000002b5e5680000]
CodeHeap 'profiled nmethods': size=120000Kb used=2295Kb max_used=2295Kb free=117704Kb
 bounds [0x000002b5d6c20000, 0x000002b5d6e90000, 0x000002b5de150000]
CodeHeap 'non-nmethods': size=5760Kb used=1477Kb max_used=1494Kb free=4282Kb
 bounds [0x000002b5d6680000, 0x000002b5d68f0000, 0x000002b5d6c20000]
 total_blobs=2098 nmethods=1235 adapters=776
 compilation: enabled
              stopped_count=0, restarted_count=0
 full_count=0

Compilation events (20 events):
Event: 26.266 Thread 0x000002b5ecaf8da0 1226       3       com.company.Main$Grain::render (271 bytes)
Event: 26.267 Thread 0x000002b5ecaf8da0 nmethod 1226 0x000002b5d6e55890 code [0x000002b5d6e55ba0, 0x000002b5d6e567f8]
Event: 26.267 Thread 0x000002b5ecaf8da0 1227       3       com.company.Main$Grain::Motion (1049 bytes)
Event: 26.268 Thread 0x000002b5ecaf8da0 nmethod 1227 0x000002b5d6e56d90 code [0x000002b5d6e570e0, 0x000002b5d6e58b28]
Event: 26.317 Thread 0x000002b5ecaf8da0 1228 %     3       com.company.Main$Grain::render @ 12 (271 bytes)
Event: 26.317 Thread 0x000002b5ecaf8da0 nmethod 1228% 0x000002b5d6e59610 code [0x000002b5d6e59920, 0x000002b5d6e5a618]
Event: 26.317 Thread 0x000002b5ecaf8da0 1229 %     3       com.company.Main$Grain::Motion @ 19 (1049 bytes)
Event: 26.319 Thread 0x000002b5ecaf8da0 nmethod 1229% 0x000002b5d6e5ab90 code [0x000002b5d6e5aee0, 0x000002b5d6e5c948]
Event: 26.420 Thread 0x000002b5ecaf82b0 1230 %     4       com.company.Main$Grain::render @ 12 (271 bytes)
Event: 26.425 Thread 0x000002b5ecaf82b0 nmethod 1230% 0x000002b5de1b9490 code [0x000002b5de1b9720, 0x000002b5de1b9d68]
Event: 26.425 Thread 0x000002b5ecaf82b0 1231 %     4       com.company.Main$Grain::Motion @ 19 (1049 bytes)
Event: 26.454 Thread 0x000002b5ecaf82b0 nmethod 1231% 0x000002b5de1ba290 code [0x000002b5de1ba580, 0x000002b5de1bbad8]
Event: 26.471 Thread 0x000002b5ecaf82b0 1232       4       com.company.Main$Grain::render (271 bytes)
Event: 26.478 Thread 0x000002b5ecaf82b0 nmethod 1232 0x000002b5de1bcc90 code [0x000002b5de1bcf60, 0x000002b5de1bd9c8]
Event: 26.478 Thread 0x000002b5ecaf82b0 1233       4       com.company.Main$Grain::Motion (1049 bytes)
Event: 26.499 Thread 0x000002b5ecaf82b0 nmethod 1233 0x000002b5de1be310 code [0x000002b5de1be600, 0x000002b5de1bfc78]
Event: 30.954 Thread 0x000002b5ecaf8da0 1234       3       java.lang.Integer::min (6 bytes)
Event: 31.128 Thread 0x000002b5ecaf8da0 nmethod 1234 0x000002b5d6e5d490 code [0x000002b5d6e5d640, 0x000002b5d6e5d7d8]
Event: 31.128 Thread 0x000002b5ecaf8da0 1235       3       java.lang.Integer::max (6 bytes)
Event: 31.129 Thread 0x000002b5ecaf8da0 nmethod 1235 0x000002b5d6e5d890 code [0x000002b5d6e5da40, 0x000002b5d6e5dbd8]

GC Heap History (2 events):
Event: 2.761 GC heap before
{Heap before GC invocations=0 (full 0):
 garbage-first heap   total 131072K, used 21504K [0x0000000080c00000, 0x0000000100000000)
  region size 1024K, 21 young (21504K), 0 survivors (0K)
 Metaspace       used 9387K, committed 9536K, reserved 1064960K
  class space    used 696K, committed 768K, reserved 1048576K
}
Event: 2.782 GC heap after
{Heap after GC invocations=1 (full 0):
 garbage-first heap   total 131072K, used 4692K [0x0000000080c00000, 0x0000000100000000)
  region size 1024K, 3 young (3072K), 3 survivors (3072K)
 Metaspace       used 9387K, committed 9536K, reserved 1064960K
  class space    used 696K, committed 768K, reserved 1048576K
}

Deoptimization events (20 events):
Event: 26.266 Thread 0x000002b5ee1b9b80 Uncommon trap: trap_request=0xffffff45 fr.pc=0x000002b5de1b5704 relative=0x0000000000000524
Event: 26.266 Thread 0x000002b5ee1b9b80 Uncommon trap: reason=unstable_if action=reinterpret pc=0x000002b5de1b5704 method=com.company.Main$Grain.Motion()V @ 378 c2
Event: 26.266 Thread 0x000002b5ee1b9b80 DEOPT PACKING pc=0x000002b5de1b5704 sp=0x000000f992e3e980
Event: 26.266 Thread 0x000002b5ee1b9b80 DEOPT UNPACKING pc=0x000002b5d66cd72e sp=0x000000f992e3e908 mode 2
Event: 26.317 Thread 0x000002b5ee1b9b80 DEOPT PACKING pc=0x000002b5d6e5665e sp=0x000000f992e3e960
Event: 26.317 Thread 0x000002b5ee1b9b80 DEOPT UNPACKING pc=0x000002b5d66cdece sp=0x000000f992e3de10 mode 0
Event: 26.317 Thread 0x000002b5ee1b9b80 Uncommon trap: trap_request=0xffffff45 fr.pc=0x000002b5de1b27ac relative=0x000000000000036c
Event: 26.317 Thread 0x000002b5ee1b9b80 Uncommon trap: reason=unstable_if action=reinterpret pc=0x000002b5de1b27ac method=com.company.Main$Grain.render(Lcom/jogamp/opengl/GL2;)V @ 149 c2
Event: 26.317 Thread 0x000002b5ee1b9b80 DEOPT PACKING pc=0x000002b5de1b27ac sp=0x000000f992e3e960
Event: 26.317 Thread 0x000002b5ee1b9b80 DEOPT UNPACKING pc=0x000002b5d66cd72e sp=0x000000f992e3e910 mode 2
Event: 26.317 Thread 0x000002b5ee1b9b80 DEOPT PACKING pc=0x000002b5d6e58a62 sp=0x000000f992e3e980
Event: 26.317 Thread 0x000002b5ee1b9b80 DEOPT UNPACKING pc=0x000002b5d66cdece sp=0x000000f992e3de08 mode 0
Event: 26.317 Thread 0x000002b5ee1b9b80 Uncommon trap: trap_request=0xffffff45 fr.pc=0x000002b5de1b3430 relative=0x00000000000004d0
Event: 26.317 Thread 0x000002b5ee1b9b80 Uncommon trap: reason=unstable_if action=reinterpret pc=0x000002b5de1b3430 method=com.company.Main$Grain.Motion()V @ 378 c2
Event: 26.317 Thread 0x000002b5ee1b9b80 DEOPT PACKING pc=0x000002b5de1b3430 sp=0x000000f992e3e960
Event: 26.317 Thread 0x000002b5ee1b9b80 DEOPT UNPACKING pc=0x000002b5d66cd72e sp=0x000000f992e3e908 mode 2
Event: 26.471 Thread 0x000002b5ee1b9b80 DEOPT PACKING pc=0x000002b5d6e5665e sp=0x000000f992e3e960
Event: 26.471 Thread 0x000002b5ee1b9b80 DEOPT UNPACKING pc=0x000002b5d66cdece sp=0x000000f992e3de10 mode 0
Event: 26.471 Thread 0x000002b5ee1b9b80 DEOPT PACKING pc=0x000002b5d6e58a62 sp=0x000000f992e3e980
Event: 26.471 Thread 0x000002b5ee1b9b80 DEOPT UNPACKING pc=0x000002b5d66cdece sp=0x000000f992e3de08 mode 0

Classes unloaded (0 events):
No events

Classes redefined (0 events):
No events

Internal exceptions (16 events):
Event: 0.339 Thread 0x000002b5ed6aff70 Exception <a 'java/lang/NoSuchMethodError'{0x0000000088909450}: 'java.lang.Object java.lang.invoke.DirectMethodHandle$Holder.invokeStatic(java.lang.Object)'> (0x0000000088909450) 
thrown [t:\workspace\open\src\hotspot\share\interpreter\linkResolver.cpp, line 790]
Event: 0.339 Thread 0x000002b5ed6aff70 Exception <a 'java/lang/NoSuchMethodError'{0x000000008890cd60}: 'java.lang.Object java.lang.invoke.DirectMethodHandle$Holder.invokeStaticInit(java.lang.Object)'> (0x000000008890cd60) 
thrown [t:\workspace\open\src\hotspot\share\interpreter\linkResolver.cpp, line 790]
Event: 0.409 Thread 0x000002b5ed6aff70 Exception <a 'java/lang/NoSuchMethodError'{0x000000008891a960}: 'void java.lang.invoke.DirectMethodHandle$Holder.invokeStatic(java.lang.Object, java.lang.Object)'> (0x000000008891a960) 
thrown [t:\workspace\open\src\hotspot\share\interpreter\linkResolver.cpp, line 790]
Event: 0.515 Thread 0x000002b5ceeffb00 Exception <a 'java/lang/NoSuchMethodError'{0x00000000888bd678}: 'java.lang.Object java.lang.invoke.DirectMethodHandle$Holder.invokeInterface(java.lang.Object, java.lang.Object)'> (0x00000000888bd678) 
thrown [t:\workspace\open\src\hotspot\share\interpreter\linkResolver.cpp, line 790]
Event: 0.516 Thread 0x000002b5ceeffb00 Exception <a 'java/lang/IncompatibleClassChangeError'{0x00000000888c1198}: Found class java.lang.Object, but interface was expected> (0x00000000888c1198) 
thrown [t:\workspace\open\src\hotspot\share\interpreter\linkResolver.cpp, line 857]
Event: 0.576 Thread 0x000002b5ceeffb00 Exception <a 'java/lang/NoSuchMethodError'{0x000000008879eab0}: 'java.lang.Object java.lang.invoke.DirectMethodHandle$Holder.invokeStaticInit(java.lang.Object, int, int, int, int)'> (0x000000008879eab0) 
thrown [t:\workspace\open\src\hotspot\share\interpreter\linkResolver.cpp, line 790]
Event: 0.625 Thread 0x000002b5ceeffb00 Exception <a 'java/lang/NoSuchMethodError'{0x000000008861f030}: 'java.lang.Object java.lang.invoke.DirectMethodHandle$Holder.invokeStaticInit(java.lang.Object, java.lang.Object, int, int, int, int)'> (0x000000008861f030) 
thrown [t:\workspace\open\src\hotspot\share\interpreter\linkResolver.cpp, line 790]
Event: 0.702 Thread 0x000002b5ceeffb00 Exception <a 'java/lang/NoSuchMethodError'{0x000000008863c210}: 'void java.lang.invoke.DirectMethodHandle$Holder.invokeStatic(java.lang.Object, long)'> (0x000000008863c210) 
thrown [t:\workspace\open\src\hotspot\share\interpreter\linkResolver.cpp, line 790]
Event: 0.703 Thread 0x000002b5ceeffb00 Exception <a 'java/lang/NoSuchMethodError'{0x0000000088641d98}: 'java.lang.Object java.lang.invoke.DirectMethodHandle$Holder.newInvokeSpecial(java.lang.Object, long)'> (0x0000000088641d98) 
thrown [t:\workspace\open\src\hotspot\share\interpreter\linkResolver.cpp, line 790]
Event: 0.705 Thread 0x000002b5ceeffb00 Exception <a 'java/lang/NoSuchMethodError'{0x000000008864d0c0}: 'java.lang.Object java.lang.invoke.DirectMethodHandle$Holder.invokeStaticInit(java.lang.Object, java.lang.Object, long, java.lang.Object)'> (0x000000008864d0c0) 
thrown [t:\workspace\open\src\hotspot\share\interpreter\linkResolver.cpp, line 790]
Event: 0.706 Thread 0x000002b5ceeffb00 Exception <a 'java/lang/NoSuchMethodError'{0x0000000088653ad0}: 'java.lang.Object java.lang.invoke.DirectMethodHandle$Holder.newInvokeSpecial(java.lang.Object, java.lang.Object, long)'> (0x0000000088653ad0) 
thrown [t:\workspace\open\src\hotspot\share\interpreter\linkResolver.cpp, line 790]
Event: 0.706 Thread 0x000002b5ceeffb00 Exception <a 'java/lang/NoSuchMethodError'{0x0000000088657ed0}: 'java.lang.Object java.lang.invoke.Invokers$Holder.linkToTargetMethod(java.lang.Object, long, java.lang.Object)'> (0x0000000088657ed0) 
thrown [t:\workspace\open\src\hotspot\share\interpreter\linkResolver.cpp, line 790]
Event: 1.182 Thread 0x000002b5ceeffb00 Exception <a 'java/lang/ClassNotFoundException'{0x0000000088418a28}: sun/awt/resources/spi/awtProvider> (0x0000000088418a28) 
thrown [t:\workspace\open\src\hotspot\share\classfile\systemDictionary.cpp, line 256]
Event: 1.360 Thread 0x000002b5ceeffb00 Exception <a 'java/io/FileNotFoundException'{0x00000000884610e0}> (0x00000000884610e0) 
thrown [t:\workspace\open\src\hotspot\share\prims\jni.cpp, line 579]
Event: 1.368 Thread 0x000002b5ceeffb00 Exception <a 'java/io/FileNotFoundException'{0x00000000884901a8}> (0x00000000884901a8) 
thrown [t:\workspace\open\src\hotspot\share\prims\jni.cpp, line 579]
Event: 1.406 Thread 0x000002b5ceeffb00 Exception <a 'java/lang/NoSuchMethodError'{0x00000000884931b0}: 'void java.lang.invoke.DirectMethodHandle$Holder.invokeSpecial(java.lang.Object, java.lang.Object, java.lang.Object)'> (0x00000000884931b0) 
thrown [t:\workspace\open\src\hotspot\share\interpreter\linkResolver.cpp, line 790]

Events (20 events):
Event: 3.411 loading class java/util/TimerTask done
Event: 3.411 loading class java/util/TimerThread
Event: 3.411 loading class java/util/TimerThread done
Event: 3.412 loading class java/util/Timer$1
Event: 3.412 loading class java/util/Timer$1 done
Event: 3.412 Thread 0x000002b5ee1b9b80 Thread added: 0x000002b5ee1b9b80
Event: 3.415 loading class javax/swing/JComponent
Event: 3.415 Thread 0x000002b5ceeffb00 Thread exited: 0x000002b5ceeffb00
Event: 3.415 Thread 0x000002b5ee1bb610 Thread added: 0x000002b5ee1bb610
Event: 3.426 loading class javax/swing/TransferHandler$HasGetTransferHandler
Event: 3.432 loading class javax/swing/TransferHandler$HasGetTransferHandler done
Event: 3.433 loading class javax/swing/JComponent done
Event: 4.388 Executing  VM operation: Cleanup
Event: 4.388 Executing  VM operation: Cleanup done
Event: 5.388 Executing  VM operation: Cleanup
Event: 5.388 Executing  VM operation: Cleanup done
Event: 6.388 Executing  VM operation: Cleanup
Event: 6.388 Executing  VM operation: Cleanup done
Event: 7.389 Executing  VM operation: Cleanup
Event: 7.389 Executing  VM operation: Cleanup done


Dynamic libraries:
0x00007ff65c790000 - 0x00007ff65c7a0000 	D:\Java16.0.1\bin\java.exe
0x00007ffe39d50000 - 0x00007ffe39f45000 	C:\WINDOWS\SYSTEM32\ntdll.dll
0x00007ffe0cba0000 - 0x00007ffe0cbb2000 	C:\Program Files\Avast Software\Avast\aswhook.dll
0x00007ffe391d0000 - 0x00007ffe3928d000 	C:\WINDOWS\System32\KERNEL32.DLL
0x00007ffe37650000 - 0x00007ffe37918000 	C:\WINDOWS\System32\KERNELBASE.dll
0x00007ffe37c90000 - 0x00007ffe37d90000 	C:\WINDOWS\System32\ucrtbase.dll
0x00007ffe33070000 - 0x00007ffe33088000 	D:\Java16.0.1\bin\jli.dll
0x00007ffe39310000 - 0x00007ffe393bc000 	C:\WINDOWS\System32\ADVAPI32.dll
0x00007ffe390d0000 - 0x00007ffe3916e000 	C:\WINDOWS\System32\msvcrt.dll
0x00007ffe385a0000 - 0x00007ffe3863b000 	C:\WINDOWS\System32\sechost.dll
0x00007ffe393c0000 - 0x00007ffe394eb000 	C:\WINDOWS\System32\RPCRT4.dll
0x00007ffe38e60000 - 0x00007ffe39000000 	C:\WINDOWS\System32\USER32.dll
0x00007ffe37d90000 - 0x00007ffe37db2000 	C:\WINDOWS\System32\win32u.dll
0x00007ffe396c0000 - 0x00007ffe396ea000 	C:\WINDOWS\System32\GDI32.dll
0x00007ffe37a80000 - 0x00007ffe37b8b000 	C:\WINDOWS\System32\gdi32full.dll
0x00007ffe37920000 - 0x00007ffe379bd000 	C:\WINDOWS\System32\msvcp_win.dll
0x00007ffe33050000 - 0x00007ffe33069000 	D:\Java16.0.1\bin\VCRUNTIME140.dll
0x00007ffe2e310000 - 0x00007ffe2e5aa000 	C:\WINDOWS\WinSxS\amd64_microsoft.windows.common-controls_6595b64144ccf1df_6.0.19041.1052_none_60b8f8fd71f5e8cb\COMCTL32.dll
0x00007ffe2ff60000 - 0x00007ffe2ff6a000 	C:\WINDOWS\SYSTEM32\VERSION.dll
0x00007ffe394f0000 - 0x00007ffe39520000 	C:\WINDOWS\System32\IMM32.DLL
0x00007ffe33040000 - 0x00007ffe3304c000 	D:\Java16.0.1\bin\vcruntime140_1.dll
0x00007ffe20a30000 - 0x00007ffe20ac1000 	D:\Java16.0.1\bin\msvcp140.dll
0x00007ffddb820000 - 0x00007ffddc3cb000 	D:\Java16.0.1\bin\server\jvm.dll
0x00007ffe37dc0000 - 0x00007ffe37dc8000 	C:\WINDOWS\System32\PSAPI.DLL
0x00007ffe2f680000 - 0x00007ffe2f689000 	C:\WINDOWS\SYSTEM32\WSOCK32.dll
0x00007ffe392a0000 - 0x00007ffe3930b000 	C:\WINDOWS\System32\WS2_32.dll
0x00007ffe2ec00000 - 0x00007ffe2ec27000 	C:\WINDOWS\SYSTEM32\WINMM.dll
0x00007ffe35400000 - 0x00007ffe35412000 	C:\WINDOWS\SYSTEM32\kernel.appcore.dll
0x00007ffe33030000 - 0x00007ffe3303a000 	D:\Java16.0.1\bin\jimage.dll
0x00007ffe2f6f0000 - 0x00007ffe2f8d4000 	C:\WINDOWS\SYSTEM32\DBGHELP.DLL
0x00007ffe2f6a0000 - 0x00007ffe2f6cc000 	C:\WINDOWS\SYSTEM32\dbgcore.DLL
0x00007ffe379c0000 - 0x00007ffe37a43000 	C:\WINDOWS\System32\bcryptPrimitives.dll
0x00007ffe209d0000 - 0x00007ffe209de000 	D:\Java16.0.1\bin\instrument.dll
0x00007ffe20a00000 - 0x00007ffe20a25000 	D:\Java16.0.1\bin\java.dll
0x00007ffe38660000 - 0x00007ffe38d9f000 	C:\WINDOWS\System32\SHELL32.dll
0x00007ffe35600000 - 0x00007ffe35d90000 	C:\WINDOWS\SYSTEM32\windows.storage.dll
0x00007ffe399b0000 - 0x00007ffe39d05000 	C:\WINDOWS\System32\combase.dll
0x00007ffe36f00000 - 0x00007ffe36f2c000 	C:\WINDOWS\SYSTEM32\Wldp.dll
0x00007ffe396f0000 - 0x00007ffe3979e000 	C:\WINDOWS\System32\SHCORE.dll
0x00007ffe38da0000 - 0x00007ffe38df5000 	C:\WINDOWS\System32\shlwapi.dll
0x00007ffe373d0000 - 0x00007ffe373ef000 	C:\WINDOWS\SYSTEM32\profapi.dll
0x00007ffe203c0000 - 0x00007ffe203d8000 	D:\Java16.0.1\bin\zip.dll
0x00007ffe210c0000 - 0x00007ffe210d9000 	D:\Java16.0.1\bin\net.dll
0x00007ffe2f370000 - 0x00007ffe2f47b000 	C:\WINDOWS\SYSTEM32\WINHTTP.dll
0x00007ffe36c00000 - 0x00007ffe36c6a000 	C:\WINDOWS\system32\mswsock.dll
0x00007ffe209e0000 - 0x00007ffe209f3000 	D:\Java16.0.1\bin\nio.dll
0x00007ffe1ff40000 - 0x00007ffe1ff5a000 	D:\IntelliJ_IDEA\IntelliJ IDEA Community Edition 2021.1\bin\breakgen64.dll
0x00007ffe36dd0000 - 0x00007ffe36de8000 	C:\WINDOWS\SYSTEM32\CRYPTSP.dll
0x00007ffe36540000 - 0x00007ffe36574000 	C:\WINDOWS\system32\rsaenh.dll
0x00007ffe37a50000 - 0x00007ffe37a77000 	C:\WINDOWS\System32\bcrypt.dll
0x00007ffe37350000 - 0x00007ffe3737e000 	C:\WINDOWS\SYSTEM32\USERENV.dll
0x00007ffe36df0000 - 0x00007ffe36dfc000 	C:\WINDOWS\SYSTEM32\CRYPTBASE.dll
0x00007ffe36890000 - 0x00007ffe368cb000 	C:\WINDOWS\SYSTEM32\IPHLPAPI.DLL
0x00007ffe39290000 - 0x00007ffe39298000 	C:\WINDOWS\System32\NSI.dll
0x00007ffe31760000 - 0x00007ffe31777000 	C:\WINDOWS\SYSTEM32\dhcpcsvc6.DLL
0x00007ffe31740000 - 0x00007ffe3175d000 	C:\WINDOWS\SYSTEM32\dhcpcsvc.DLL
0x00007ffe36930000 - 0x00007ffe369fc000 	C:\WINDOWS\SYSTEM32\DNSAPI.dll
0x00007ffe34d60000 - 0x00007ffe34df0000 	C:\WINDOWS\system32\apphelp.dll
0x00000000637c0000 - 0x00000000637cd000 	C:\Users\anton\AppData\Local\Temp\jogamp_0000\file_cache\jln15693871551790098523\jln11298956874482677932\natives\windows-amd64\gluegen-rt.dll
0x00007ffe07050000 - 0x00007ffe071d0000 	D:\Java16.0.1\bin\awt.dll
0x00007ffe39000000 - 0x00007ffe390cd000 	C:\WINDOWS\System32\OLEAUT32.dll
0x00007ffe34f20000 - 0x00007ffe34fbe000 	C:\WINDOWS\system32\uxtheme.dll
0x00007ffe383f0000 - 0x00007ffe38505000 	C:\WINDOWS\System32\MSCTF.dll
0x00007ffe39590000 - 0x00007ffe396ba000 	C:\WINDOWS\System32\ole32.dll
0x00007ffe1ff20000 - 0x00007ffe1ff27000 	D:\Java16.0.1\bin\jawt.dll
0x000000006a440000 - 0x000000006a44d000 	C:\Users\anton\AppData\Local\Temp\jogamp_0000\file_cache\jln15693871551790098523\jln11298956874482677932\natives\windows-amd64\nativewindow_awt.dll
0x00007ffe35110000 - 0x00007ffe3513f000 	C:\WINDOWS\system32\DWMAPI.DLL
0x00007ffe06550000 - 0x00007ffe06676000 	C:\WINDOWS\system32\opengl32.dll
0x00007ffe1a5c0000 - 0x00007ffe1a5ec000 	C:\WINDOWS\SYSTEM32\GLU32.dll
0x00007ffe14270000 - 0x00007ffe1443e000 	C:\WINDOWS\system32\d3d9.dll
0x00007ffe2ff70000 - 0x00007ffe30075000 	C:\WINDOWS\System32\DriverStore\FileRepository\nv_dispi.inf_amd64_27246fb37cc30d24\nvldumdx.dll
0x00007ffe37080000 - 0x00007ffe37092000 	C:\WINDOWS\SYSTEM32\msasn1.dll
0x00007ffe2fe20000 - 0x00007ffe2fe51000 	C:\WINDOWS\SYSTEM32\cryptnet.dll
0x00007ffe374f0000 - 0x00007ffe3764f000 	C:\WINDOWS\System32\CRYPT32.dll
0x00007ffe37490000 - 0x00007ffe374f0000 	C:\WINDOWS\System32\WINTRUST.DLL
0x00007ffe38640000 - 0x00007ffe3865d000 	C:\WINDOWS\System32\imagehlp.dll
0x00007ffdce7d0000 - 0x00007ffdd0417000 	C:\WINDOWS\System32\DriverStore\FileRepository\nv_dispi.inf_amd64_27246fb37cc30d24\nvd3dumx.dll
0x00007ffdfeeb0000 - 0x00007ffdff169000 	C:\WINDOWS\system32\nvspcap64.dll
0x00007ffe361d0000 - 0x00007ffe36203000 	C:\WINDOWS\SYSTEM32\ntmarta.dll
0x00007ffe35da0000 - 0x00007ffe35dc3000 	C:\WINDOWS\SYSTEM32\gpapi.dll
0x00007ffe30490000 - 0x00007ffe304cb000 	C:\WINDOWS\SYSTEM32\dxcore.dll
0x00007ffe37b90000 - 0x00007ffe37bde000 	C:\WINDOWS\System32\cfgmgr32.dll
0x000000006c100000 - 0x000000006c10f000 	C:\Users\anton\AppData\Local\Temp\jogamp_0000\file_cache\jln15693871551790098523\jln11298956874482677932\natives\windows-amd64\nativewindow_win32.dll
0x0000000064500000 - 0x00000000645b1000 	C:\Users\anton\AppData\Local\Temp\jogamp_0000\file_cache\jln15693871551790098523\jln11298956874482677932\natives\windows-amd64\jogl_desktop.dll
0x0000000064340000 - 0x00000000643a2000 	C:\Users\anton\AppData\Local\Temp\jogamp_0000\file_cache\jln15693871551790098523\jln11298956874482677932\natives\windows-amd64\jogl_mobile.dll
0x00007ffe39900000 - 0x00007ffe399a9000 	C:\WINDOWS\System32\clbcatq.dll
0x00007ffe31a70000 - 0x00007ffe31b69000 	C:\Windows\System32\AppXDeploymentClient.dll
0x00007ffdcbe40000 - 0x00007ffdce7cc000 	C:\WINDOWS\System32\DriverStore\FileRepository\nv_dispi.inf_amd64_27246fb37cc30d24\nvoglv64.dll
0x00007ffe37f80000 - 0x00007ffe383e9000 	C:\WINDOWS\System32\SETUPAPI.dll
0x00007ffe33230000 - 0x00007ffe33244000 	C:\WINDOWS\SYSTEM32\WTSAPI32.dll
0x00007ffe37240000 - 0x00007ffe3726c000 	C:\WINDOWS\System32\DEVOBJ.dll
0x00007ffe36e50000 - 0x00007ffe36e9b000 	C:\WINDOWS\SYSTEM32\powrprof.dll
0x00007ffe36e30000 - 0x00007ffe36e42000 	C:\WINDOWS\SYSTEM32\UMPDC.dll
0x00007ffe368d0000 - 0x00007ffe3692a000 	C:\WINDOWS\SYSTEM32\WINSTA.dll
0x000000006cbc0000 - 0x000000006cbd3000 	C:\Users\anton\AppData\Local\Temp\jogamp_0000\file_cache\jln15693871551790098523\jln11298956874482677932\natives\windows-amd64\newt.dll
0x00007ffe31be0000 - 0x00007ffe31c8e000 	C:\WINDOWS\SYSTEM32\mscms.dll
0x00007ffe31b90000 - 0x00007ffe31ba1000 	C:\WINDOWS\SYSTEM32\ColorAdapterClient.dll
0x00007ffe1e710000 - 0x00007ffe1e753000 	C:\WINDOWS\SYSTEM32\icm32.dll
0x00007ffe21dc0000 - 0x00007ffe21eb9000 	C:\WINDOWS\SYSTEM32\textinputframework.dll
0x00007ffe34370000 - 0x00007ffe346ce000 	C:\WINDOWS\System32\CoreUIComponents.dll
0x00007ffe34a50000 - 0x00007ffe34b42000 	C:\WINDOWS\System32\CoreMessaging.dll
0x00007ffe33390000 - 0x00007ffe334e4000 	C:\WINDOWS\SYSTEM32\wintypes.dll
0x00007ffe06e70000 - 0x00007ffe07048000 	C:\Users\anton\AppData\Local\Discord\app-1.0.9002\modules\discord_hook-1\discord_hook\6bd4b4f2359\DiscordHook64.dll
0x00007ffe35dd0000 - 0x00007ffe35ec4000 	C:\WINDOWS\SYSTEM32\dxgi.dll
0x00007ffe33950000 - 0x00007ffe33bb4000 	C:\WINDOWS\SYSTEM32\d3d11.dll
0x000002b583ce0000 - 0x000002b5886b6000 	C:\WINDOWS\System32\DriverStore\FileRepository\nv_dispi.inf_amd64_27246fb37cc30d24\nvwgf2umx.dll
0x00007ffe2ec50000 - 0x00007ffe2f340000 	C:\WINDOWS\SYSTEM32\nvapi64.dll
0x00007ffe334f0000 - 0x00007ffe3394d000 	C:\WINDOWS\SYSTEM32\D3DCompiler_47.dll

dbghelp: loaded successfully - version: 4.0.5 - missing functions: none
symbol engine: initialized successfully - sym options: 0x614 - pdb path: .;D:\Java16.0.1\bin;C:\WINDOWS\SYSTEM32;C:\Program Files\Avast Software\Avast;C:\WINDOWS\WinSxS\amd64_microsoft.windows.common-controls_6595b64144ccf1df_6.0.19041.1052_none_60b8f8fd71f5e8cb;D:\Java16.0.1\bin\server;D:\IntelliJ_IDEA\IntelliJ IDEA Community Edition 2021.1\bin;C:\Users\anton\AppData\Local\Temp\jogamp_0000\file_cache\jln15693871551790098523\jln11298956874482677932\natives\windows-amd64;C:\WINDOWS\System32\DriverStore\FileRepository\nv_dispi.inf_amd64_27246fb37cc30d24;C:\Users\anton\AppData\Local\Discord\app-1.0.9002\modules\discord_hook-1\discord_hook\6bd4b4f2359

VM Arguments:
jvm_args: -javaagent:D:\IntelliJ_IDEA\IntelliJ IDEA Community Edition 2021.1\lib\idea_rt.jar=63719:D:\IntelliJ_IDEA\IntelliJ IDEA Community Edition 2021.1\bin -Dfile.encoding=UTF-8 
java_command: com.company.Main
java_class_path (initial): D:\JavaProjects\Physics\out\production\untitled104;D:\JOGL\JOGL\gluegen-rt-natives-windows-amd64.jar;D:\JOGL\JOGL\gluegen-rt-natives-windows-i586.jar;D:\JOGL\JOGL\gluegen-rt.jar;D:\JOGL\JOGL\jogl-all-natives-windows-amd64.jar;D:\JOGL\JOGL\jogl-all-natives-windows-i586.jar;D:\JOGL\JOGL\jogl-all.jar
Launcher Type: SUN_STANDARD

[Global flags]
     intx CICompilerCount                          = 3                                         {product} {ergonomic}
     uint ConcGCThreads                            = 2                                         {product} {ergonomic}
     uint G1ConcRefinementThreads                  = 6                                         {product} {ergonomic}
   size_t G1HeapRegionSize                         = 1048576                                   {product} {ergonomic}
    uintx GCDrainStackTargetSize                   = 64                                        {product} {ergonomic}
   size_t InitialHeapSize                          = 134217728                                 {product} {ergonomic}
   size_t MarkStackSize                            = 4194304                                   {product} {ergonomic}
   size_t MaxHeapSize                              = 2134900736                                {product} {ergonomic}
   size_t MaxNewSize                               = 1280311296                                {product} {ergonomic}
   size_t MinHeapDeltaBytes                        = 1048576                                   {product} {ergonomic}
   size_t MinHeapSize                              = 8388608                                   {product} {ergonomic}
    uintx NonNMethodCodeHeapSize                   = 5832780                                {pd product} {ergonomic}
    uintx NonProfiledCodeHeapSize                  = 122912730                              {pd product} {ergonomic}
    uintx ProfiledCodeHeapSize                     = 122912730                              {pd product} {ergonomic}
    uintx ReservedCodeCacheSize                    = 251658240                              {pd product} {ergonomic}
     bool SegmentedCodeCache                       = true                                      {product} {ergonomic}
   size_t SoftMaxHeapSize                          = 2134900736                             {manageable} {ergonomic}
     bool UseCompressedClassPointers               = true                           {product lp64_product} {ergonomic}
     bool UseCompressedOops                        = true                           {product lp64_product} {ergonomic}
     bool UseG1GC                                  = true                                      {product} {ergonomic}
     bool UseLargePagesIndividualAllocation        = false                                  {pd product} {ergonomic}

Logging:
Log output configuration:
 #0: stdout all=warning uptime,level,tags
 #1: stderr all=off uptime,level,tags

Environment Variables:
PATH=C:\Program Files\Common Files\Oracle\Java\javapath;C:\Program Files (x86)\Common Files\Oracle\Java\javapath;C:\Windows\system32;C:\Windows;C:\Windows\System32\Wbem;C:\Windows\System32\WindowsPowerShell\v1.0\;C:\Windows\System32\OpenSSH\;C:\Program Files\NVIDIA Corporation\NVIDIA NvDLISR;C:\Program Files (x86)\NVIDIA Corporation\PhysX\Common;C:\WINDOWS\system32;C:\WINDOWS;C:\WINDOWS\System32\Wbem;C:\WINDOWS\System32\WindowsPowerShell\v1.0\;C:\WINDOWS\System32\OpenSSH\;D:\git\Git\cmd;D:\Python\Scripts\;D:\Python\;C:\Users\anton\AppData\Local\Microsoft\WindowsApps
USERNAME=anton
OS=Windows_NT
PROCESSOR_IDENTIFIER=Intel64 Family 6 Model 158 Stepping 10, GenuineIntel



---------------  S Y S T E M  ---------------

OS:
 Windows 10 , 64 bit Build 19041 (10.0.19041.1023)
OS uptime: 0 days 2:28 hours

CPU: total 6 (initial active 6) (6 cores per cpu, 1 threads per core) family 6 model 158 stepping 10 microcode 0xde, cx8, cmov, fxsr, mmx, 3dnowpref, sse, sse2, sse3, ssse3, sse4.1, sse4.2, popcnt, lzcnt, tsc, tscinvbit, avx, avx2, aes, erms, clmul, bmi1, bmi2, adx, fma, vzeroupper, clflush, clflushopt

Memory: 4k page, system-wide physical 8140M (213M free)
TotalPageFile size 32716M (AvailPageFile size 11M)
current process WorkingSet (physical memory assigned to process): 1180M, peak: 1305M
current process commit charge ("private bytes"): 7344M, peak: 7347M

vm_info: Java HotSpot(TM) 64-Bit Server VM (16.0.1+9-24) for windows-amd64 JRE (16.0.1+9-24), built on Mar 26 2021 19:31:42 by "mach5one" with MS VC++ 16.7 (VS2019)

END.
